 [2024/03/09 18:23:27] <РџРµСЂРµРІРѕРґ СЃ РєР°СЂС‚С‹: 2200650550317016 РЅР° РєР°СЂС‚Сѓ: 4377731482914808 РІ СЃСѓРјРјРµ: 100 СЂСѓР±, РєРѕРјРёСЃСЃРёСЏ Р·Р° РїРµСЂРµРІРѕРґ: 1.0 СЂСѓР±, id:80750300-65fa-4e54-a947-1e86695110eb>
[РЈСЃРїРµС€РЅРѕ: РєРѕРґ РѕРїРµСЂР°С†РёРё: '80750300-65fa-4e54-a947-1e86695110eb']
 [2024/03/09 18:24:40] <РџРµСЂРµРІРѕРґ СЃ РєР°СЂС‚С‹: 2222222222222222 РЅР° РєР°СЂС‚Сѓ: 9999999999999999 РІ СЃСѓРјРјРµ: 11 СЂСѓР±, РєРѕРјРёСЃСЃРёСЏ Р·Р° РїРµСЂРµРІРѕРґ: 0.11 СЂСѓР±, id:a5759cbe-de4e-412e-b918-c35576f3f33a>
[РЈСЃРїРµС€РЅРѕ: РєРѕРґ РѕРїРµСЂР°С†РёРё: 'a5759cbe-de4e-412e-b918-c35576f3f33a']
 [2024/03/09 18:27:38] <РџРµСЂРµРІРѕРґ СЃ РєР°СЂС‚С‹: 5555555555555555 РЅР° РєР°СЂС‚Сѓ: 8888888888888888 РІ СЃСѓРјРјРµ: 2000 СЂСѓР±, РєРѕРјРёСЃСЃРёСЏ Р·Р° РїРµСЂРµРІРѕРґ: 20.0 СЂСѓР±, id:a9f8c33e-3741-4b10-991c-8e52111652ff>
[РЈСЃРїРµС€РЅРѕ: РєРѕРґ РѕРїРµСЂР°С†РёРё: 'a9f8c33e-3741-4b10-991c-8e52111652ff']
 [2024/03/09 18:28:21] <РџРµСЂРµРІРѕРґ СЃ РєР°СЂС‚С‹: 2200650550317016 РЅР° РєР°СЂС‚Сѓ: 4377731482914808 РІ СЃСѓРјРјРµ: 5000 СЂСѓР±, РєРѕРјРёСЃСЃРёСЏ Р·Р° РїРµСЂРµРІРѕРґ: 50.0 СЂСѓР±, id:98c4afce-14d3-4f67-bc6b-9a11a8441689>
[РЈСЃРїРµС€РЅРѕ: РєРѕРґ РѕРїРµСЂР°С†РёРё: '98c4afce-14d3-4f67-bc6b-9a11a8441689']
 [2024/03/09 18:28:40] <РџРµСЂРµРІРѕРґ СЃ РєР°СЂС‚С‹: 2222222222222222 РЅР° РєР°СЂС‚Сѓ: 9999999999999999 РІ СЃСѓРјРјРµ: 11 СЂСѓР±, РєРѕРјРёСЃСЃРёСЏ Р·Р° РїРµСЂРµРІРѕРґ: 0.11 СЂСѓР±, id:82a0fd80-c845-4ff0-9538-0d533df44924>
[РЈСЃРїРµС€РЅРѕ: РєРѕРґ РѕРїРµСЂР°С†РёРё: '82a0fd80-c845-4ff0-9538-0d533df44924']
 [2024/03/10 23:05:43] <РџРµСЂРµРІРѕРґ СЃ РєР°СЂС‚С‹: 1111111111111111 РЅР° РєР°СЂС‚Сѓ: 2222222222222222 РІ СЃСѓРјРјРµ: 5000 СЂСѓР±, РєРѕРјРёСЃСЃРёСЏ Р·Р° РїРµСЂРµРІРѕРґ: 50.0 СЂСѓР±, id:0a21c828-10bc-44b7-9778-ee5163ad0e00>
 [2024/03/10 23:26:13] <РџРµСЂРµРІРѕРґ СЃ РєР°СЂС‚С‹: 1111111111111111 РЅР° РєР°СЂС‚Сѓ: 2222222222222222 РІ СЃСѓРјРјРµ: 5000 СЂСѓР±, РєРѕРјРёСЃСЃРёСЏ Р·Р° РїРµСЂРµРІРѕРґ: 50.0 СЂСѓР±, id:5f945607-7735-4ebb-8663-cbfef1194bb0>
[РЈСЃРїРµС€РЅРѕ: РєРѕРґ РѕРїРµСЂР°С†РёРё: '5f945607-7735-4ebb-8663-cbfef1194bb0']
 [2024/03/10 23:29:00] <РџРµСЂРµРІРѕРґ СЃ РєР°СЂС‚С‹: 1111111111111111 РЅР° РєР°СЂС‚Сѓ: 2222222222222222 РІ СЃСѓРјРјРµ: 5000 СЂСѓР±, РєРѕРјРёСЃСЃРёСЏ Р·Р° РїРµСЂРµРІРѕРґ: 50.0 СЂСѓР±, id:b581a303-6317-4926-8955-bae2d5182fb4>
[РЈСЃРїРµС€РЅРѕ: РєРѕРґ РѕРїРµСЂР°С†РёРё: 'b581a303-6317-4926-8955-bae2d5182fb4']
 [2024/03/10 23:29:18] <РџРµСЂРµРІРѕРґ СЃ РєР°СЂС‚С‹: 1111111111111111 РЅР° РєР°СЂС‚Сѓ: 2222222222222222 РІ СЃСѓРјРјРµ: 5000 СЂСѓР±, РєРѕРјРёСЃСЃРёСЏ Р·Р° РїРµСЂРµРІРѕРґ: 50.0 СЂСѓР±, id:ef1011d7-5d1c-4180-bfa7-846811f312ea>
[РЈСЃРїРµС€РЅРѕ: РєРѕРґ РѕРїРµСЂР°С†РёРё: 'ef1011d7-5d1c-4180-bfa7-846811f312ea']
 [2024/03/10 23:29:18] <РџРµСЂРµРІРѕРґ СЃ РєР°СЂС‚С‹: 1111111111111111 РЅР° РєР°СЂС‚Сѓ: 2222222222222222 РІ СЃСѓРјРјРµ: 5000 СЂСѓР±, РєРѕРјРёСЃСЃРёСЏ Р·Р° РїРµСЂРµРІРѕРґ: 50.0 СЂСѓР±, id:75f8aad1-0bf4-4d92-8a3b-ab871e43e5b5>
 [2024/03/10 23:32:02] <РџРµСЂРµРІРѕРґ СЃ РєР°СЂС‚С‹: 1111111111111111 РЅР° РєР°СЂС‚Сѓ: 2222222222222222 РІ СЃСѓРјРјРµ: 5000 СЂСѓР±, РєРѕРјРёСЃСЃРёСЏ Р·Р° РїРµСЂРµРІРѕРґ: 50.0 СЂСѓР±, id:0c0d61a8-b274-42d8-a721-870edc3d6949>
[РЈСЃРїРµС€РЅРѕ: РєРѕРґ РѕРїРµСЂР°С†РёРё: 'null']
[РЈСЃРїРµС€РЅРѕ: РєРѕРґ РѕРїРµСЂР°С†РёРё: 'null']
 [2024/03/11 14:44:06] <РџРµСЂРµРІРѕРґ СЃ РєР°СЂС‚С‹: 1111111111111111 РЅР° РєР°СЂС‚Сѓ: 2222222222222222 РІ СЃСѓРјРјРµ: 5000 СЂСѓР±, РєРѕРјРёСЃСЃРёСЏ Р·Р° РїРµСЂРµРІРѕРґ: 50.0 СЂСѓР±, id:53949867-77ba-48a0-bd35-2b082008ff09>
 [2024/03/22 14:01:55] <РџРµСЂРµРІРѕРґ СЃ РєР°СЂС‚С‹: 2222222222222222 РЅР° РєР°СЂС‚Сѓ: 2333333333333333 РІ СЃСѓРјРјРµ: 1000 СЂСѓР±, РєРѕРјРёСЃСЃРёСЏ Р·Р° РїРµСЂРµРІРѕРґ: 10.0 СЂСѓР±, id:0f0929e7-2e58-427f-b369-191c054f65e9>
[РЈСЃРїРµС€РЅРѕ: РєРѕРґ РѕРїРµСЂР°С†РёРё: '0f0929e7-2e58-427f-b369-191c054f65e9']
[РЈСЃРїРµС€РЅРѕ: РєРѕРґ РѕРїРµСЂР°С†РёРё: 'null']
[Успешно: код операции: 'null']
 [2024/03/22 17:30:21] <Перевод с карты: 1111111111111111 на карту: 2222222222222222 в сумме: 5000 руб, комиссия за перевод: 50.0 руб, id:4c82a22d-420a-4427-a3ff-249f51042904>
[Успешно: код операции: 'null']
 [2024/03/22 17:35:15] <Перевод с карты: 1111111111111111 на карту: 2222222222222222 в сумме: 5000 руб, комиссия за перевод: 50.0 руб, id:1693949c-0539-4f2a-a30c-f287afda1554>
[РЈСЃРїРµС€РЅРѕ: РєРѕРґ РѕРїРµСЂР°С†РёРё: 'null']
 [2024/03/22 17:41:06] <РџРµСЂРµРІРѕРґ СЃ РєР°СЂС‚С‹: 1111111111111111 РЅР° РєР°СЂС‚Сѓ: 2222222222222222 РІ СЃСѓРјРјРµ: 5000 СЂСѓР±, РєРѕРјРёСЃСЃРёСЏ Р·Р° РїРµСЂРµРІРѕРґ: 50.0 СЂСѓР±, id:945d0041-85e4-42e2-b670-47d8057e0a45>
[Успешно: код операции: 'null']
 [2024/03/22 17:42:06] <Перевод с карты: 1111111111111111 на карту: 2222222222222222 в сумме: 5000 руб, комиссия за перевод: 50.0 руб, id:70e2668c-2b86-475c-b46a-90da7ddde77b>
[Успешно: код операции: 'null']
 [2024/03/22 17:48:59] <Перевод с карты: 1111111111111111 на карту: 2222222222222222 в сумме: 5000 руб, комиссия за перевод: 50.0 руб, id:1eed4460-c403-451c-9668-c0fdf4217924>
[РЈСЃРїРµС€РЅРѕ: РєРѕРґ РѕРїРµСЂР°С†РёРё: 'null']
 [2024/03/22 17:50:17] <РџРµСЂРµРІРѕРґ СЃ РєР°СЂС‚С‹: 1111111111111111 РЅР° РєР°СЂС‚Сѓ: 2222222222222222 РІ СЃСѓРјРјРµ: 5000 СЂСѓР±, РєРѕРјРёСЃСЃРёСЏ Р·Р° РїРµСЂРµРІРѕРґ: 50.0 СЂСѓР±, id:cb7249a2-7f6f-4f6e-81ef-4b25b78c14b0>
[Успешно: код операции: 'null']
 [2024/03/22 17:58:08] <Перевод с карты: 1111111111111111 на карту: 2222222222222222 в сумме: 5000 руб, комиссия за перевод: 50.0 руб, id:506113f8-96d9-4bd4-bd7b-98096eb5ee6e>
[Успешно: код операции: 'null']
 [2024/03/22 18:00:22] <Перевод с карты: 1111111111111111 на карту: 2222222222222222 в сумме: 5000 руб, комиссия за перевод: 50.0 руб, id:57f1692a-a909-4adc-ace1-45d873fa75b8>
[Успешно: код операции: 'null']
 [2024/03/22 18:06:33] <Перевод с карты: 1111111111111111 на карту: 2222222222222222 в сумме: 5000 руб, комиссия за перевод: 50.0 руб, id:89f00693-fd52-4bd1-9243-850a78a3a4c0>
[Успешно: код операции: 'null']
 [2024/03/22 18:33:02] <Перевод с карты: 1111111111111111 на карту: 2222222222222222 в сумме: 5000 руб, комиссия за перевод: 50.0 руб, id:75ad779d-13d2-4097-83d7-cda516636e3d>
[Успешно: код операции: 'null']
 [2024/03/22 18:35:01] <Перевод с карты: 1111111111111111 на карту: 2222222222222222 в сумме: 5000 руб, комиссия за перевод: 50.0 руб, id:ba9e158a-42a8-40a3-b9f4-b0fb6bcecf3c>
